<?xml version="1.0" encoding="UTF-8"?>
<!-- Generated by org.testng.reporters.JUnitXMLReporter -->
<testsuite hostname="LAPTOP-ARRJFBIM" ignored="0" name="Test_Smoke" tests="10" failures="0" timestamp="2019-12-24T13:47:44 IST" time="405.645" errors="0">
  <testcase name="loginPageTitleTest" time="2.038" classname="com.crm.qa.tests.LoginPageTest"/>
  <testcase name="crmLogoImageTest" time="2.133" classname="com.crm.qa.tests.LoginPageTest"/>
  <testcase name="loginTest" time="6.486" classname="com.crm.qa.tests.LoginPageTest"/>
  <testcase name="verifyHomePageTitleTest" time="7.711" classname="com.crm.qa.tests.HomePageTest"/>
  <testcase name="verifyUserNameTest" time="12.011" classname="com.crm.qa.tests.HomePageTest"/>
  <testcase name="TasksPage" time="11.948" classname="com.crm.qa.tests.HomePageTest"/>
  <testcase name="ReportPage" time="21.559" classname="com.crm.qa.tests.HomePageTest"/>
  <testcase name="UserPage" time="12.45" classname="com.crm.qa.tests.HomePageTest"/>
  <testcase name="verifyTasksPage" time="1.091" classname="com.crm.qa.tests.TasksPageTest"/>
  <testcase name="selectTasksTest" time="1.12" classname="com.crm.qa.tests.TasksPageTest"/>
</testsuite> <!-- Test_Smoke -->
